#
# A fatal error has been detected by the Java Runtime Environment:
#
#  EXCEPTION_ACCESS_VIOLATION (0xc0000005) at pc=0x00007ff9604dcbf2, pid=1584, tid=2620
#
# JRE version: OpenJDK Runtime Environment (16.0.2+7) (build 16.0.2+7-67)
# Java VM: OpenJDK 64-Bit Server VM (16.0.2+7-67, mixed mode, tiered, compressed oops, compressed class ptrs, g1 gc, windows-amd64)
# Problematic frame:
# V  [jvm.dll+0x2ccbf2]
#
# No core dump will be written. Minidumps are not enabled by default on client versions of Windows
#
# If you would like to submit a bug report, please visit:
#   https://bugreport.java.com/bugreport/crash.jsp
#

---------------  S U M M A R Y ------------

Command Line: -Dfile.encoding=UTF-8 -XX:+ShowCodeDetailsInExceptionMessages br.anderson.infnet.appclinica.AppclinicaApplication

Host: Intel(R) Pentium(R) CPU        P6200  @ 2.13GHz, 2 cores, 7G,  Windows 10 , 64 bit Build 19041 (10.0.19041.2546)
Time: Sun Apr  2 12:42:55 2023 Hora oficial do Brasil elapsed time: 110.937690 seconds (0d 0h 1m 50s)

---------------  T H R E A D  ---------------

Current thread (0x00000170a4b17ec0):  ConcurrentGCThread "G1 Conc#0" [stack: 0x0000004cf1300000,0x0000004cf1400000] [id=2620]

Stack: [0x0000004cf1300000,0x0000004cf1400000],  sp=0x0000004cf13ff680,  free space=1021k
Native frames: (J=compiled Java code, j=interpreted, Vv=VM code, C=native code)
V  [jvm.dll+0x2ccbf2]
V  [jvm.dll+0x2cc93f]
V  [jvm.dll+0x2cb1ad]
V  [jvm.dll+0x2ca811]
V  [jvm.dll+0x2e0fee]
V  [jvm.dll+0x2dd881]
V  [jvm.dll+0x2df22c]
V  [jvm.dll+0x2de144]
V  [jvm.dll+0x2e1c96]
V  [jvm.dll+0x7f7f0b]
V  [jvm.dll+0x7795aa]
V  [jvm.dll+0x667066]
C  [ucrtbase.dll+0x21bb2]
C  [KERNEL32.DLL+0x17614]
C  [ntdll.dll+0x526a1]


siginfo: EXCEPTION_ACCESS_VIOLATION (0xc0000005), reading address 0x00000000000000f8


Register to memory mapping:

RIP=0x00007ff9604dcbf2 jvm.dll
RAX=0x00000170a4af0a70 points into unknown readable memory: 0x0000000000000000 | 00 00 00 00 00 00 00 00
RBX=0x00000170a4b18ac0 points into unknown readable memory: 0x00007ff960af3c88 | 88 3c af 60 f9 7f 00 00
RCX=0x0000000000000014 is an unknown value
RDX=0x0 is NULL
RSP=0x0000004cf13ff680 points into unknown readable memory: 0x0000000100041de8 | e8 1d 04 00 01 00 00 00
RBP=0x0 is NULL
RSI=0x00000170a4b06c30 points into unknown readable memory: 0x00000170a4b16c50 | 50 6c b1 a4 70 01 00 00
RDI=0x0000000000000001 is an unknown value
R8 =0x0000000000000001 is an unknown value
R9 =0x0 is NULL
R10=0x000000000000001c is an unknown value
R11=0x0000000000000004 is an unknown value
R12=0x0 is NULL
R13=0xaaaaaaaaaaaaaaab is an unknown value
R14=0x0000000000000001 is an unknown value
R15=0x0000004cf13ff800 points into unknown readable memory: 0x00000170a4b06c30 | 30 6c b0 a4 70 01 00 00


Registers:
RAX=0x00000170a4af0a70, RBX=0x00000170a4b18ac0, RCX=0x0000000000000014, RDX=0x0000000000000000
RSP=0x0000004cf13ff680, RBP=0x0000000000000000, RSI=0x00000170a4b06c30, RDI=0x0000000000000001
R8 =0x0000000000000001, R9 =0x0000000000000000, R10=0x000000000000001c, R11=0x0000000000000004
R12=0x0000000000000000, R13=0xaaaaaaaaaaaaaaab, R14=0x0000000000000001, R15=0x0000004cf13ff800
RIP=0x00007ff9604dcbf2, EFLAGS=0x0000000000010246

Top of Stack: (sp=0x0000004cf13ff680)
0x0000004cf13ff680:   0000000100041de8 0000004cf13ff840
0x0000004cf13ff690:   0000000086e31f88 00007ff9604dc93f
0x0000004cf13ff6a0:   0000000000000001 00007ff9604dc93f
0x0000004cf13ff6b0:   00000170a4b18ac0 0000004cf13ff840
0x0000004cf13ff6c0:   0000000086e31fd8 00007ff9604dabad
0x0000004cf13ff6d0:   0000004cf13ff840 00007ff9604db1ad
0x0000004cf13ff6e0:   0000000086e31f9c 00000001001fc8d8
0x0000004cf13ff6f0:   0000004cf13ff800 0000000000000001
0x0000004cf13ff700:   0000000100060428 00007ff9604da811
0x0000004cf13ff710:   000000000000000a 0000000086e31f88
0x0000004cf13ff720:   0000004cf13ff840 0000000086e31f38
0x0000004cf13ff730:   00000170a4b18ac0 00007ff9604f0fee
0x0000004cf13ff740:   0000000086e31f88 00000170a4b06c40
0x0000004cf13ff750:   0000004cf13ff800 00000170a4b06c40
0x0000004cf13ff760:   0000000086e31f88 00007ff9604ed881
0x0000004cf13ff770:   00000000003863f1 0000000000000000 

Instructions: (pc=0x00007ff9604dcbf2)
0x00007ff9604dcaf2:   48 3b c8 75 ee 32 db 48 8b 6c 24 38 0f b6 c3 48
0x00007ff9604dcb02:   8b 5c 24 30 48 8b 74 24 40 48 83 c4 20 5f c3 80
0x00007ff9604dcb12:   3d 69 ad 80 00 00 b3 01 74 15 8b 57 08 8b 0d 23
0x00007ff9604dcb22:   45 7a 00 48 d3 e2 48 03 15 11 45 7a 00 eb 04 48
0x00007ff9604dcb32:   8b 57 08 48 8b cf e8 53 01 ee ff 4c 63 d8 48 8b
0x00007ff9604dcb42:   86 08 03 00 00 4c 8b 04 e8 49 8b 40 18 8b 88 c0
0x00007ff9604dcb52:   01 00 00 48 8b 90 b8 01 00 00 48 d3 e2 8b 0d 2b
0x00007ff9604dcb62:   b7 80 00 48 2b fa 41 8b 50 60 48 d3 ef 44 8b d7
0x00007ff9604dcb72:   49 23 d2 48 c1 e2 04 49 03 50 40 8b 02 3b c7 74
0x00007ff9604dcb82:   2d 4c 8b 4a 08 4d 85 c9 74 0c 8b c8 49 8b 40 38
0x00007ff9604dcb92:   f0 4c 0f c1 0c c8 48 c7 42 08 00 00 00 00 44 89
0x00007ff9604dcba2:   12 49 ff 40 58 4c 01 5a 08 e9 49 ff ff ff 49 ff
0x00007ff9604dcbb2:   40 50 4c 01 5a 08 e9 3c ff ff ff cc cc cc 48 89
0x00007ff9604dcbc2:   6c 24 10 48 89 74 24 18 57 48 83 ec 20 48 8b 41
0x00007ff9604dcbd2:   08 48 8b f1 4d 8b c8 8b ea 49 8b f8 8b 88 c0 01
0x00007ff9604dcbe2:   00 00 48 8b 80 b0 01 00 00 49 d3 e9 4e 8b 0c c8
0x00007ff9604dcbf2:   4d 3b 81 f8 00 00 00 72 12 32 c0 48 8b 6c 24 38
0x00007ff9604dcc02:   48 8b 74 24 40 48 83 c4 20 5f c3 48 89 5c 24 30
0x00007ff9604dcc12:   48 8b d7 48 8b 9e 98 00 00 00 48 8b cb 48 8b 03
0x00007ff9604dcc22:   ff 10 8b 4b 18 48 8b d7 48 2b 53 08 48 8b 43 20
0x00007ff9604dcc32:   48 c1 ea 03 48 d3 ea 48 8b ca 48 c1 e9 06 4c 8d
0x00007ff9604dcc42:   04 c8 0f b6 ca 49 8b 00 80 e1 3f ba 01 00 00 00
0x00007ff9604dcc52:   48 d3 e2 48 8b c8 48 0b ca 48 3b c8 74 12 f0 49
0x00007ff9604dcc62:   0f b1 08 74 25 48 8b c8 48 0b ca 48 3b c8 75 ee
0x00007ff9604dcc72:   32 db 48 8b 6c 24 38 0f b6 c3 48 8b 5c 24 30 48
0x00007ff9604dcc82:   8b 74 24 40 48 83 c4 20 5f c3 80 3d ee ab 80 00
0x00007ff9604dcc92:   00 b3 01 74 15 8b 57 08 8b 0d a8 43 7a 00 48 d3
0x00007ff9604dcca2:   e2 48 03 15 96 43 7a 00 eb 04 48 8b 57 08 48 8b
0x00007ff9604dccb2:   cf e8 d8 ff ed ff 4c 63 d8 48 8b 86 08 03 00 00
0x00007ff9604dccc2:   4c 8b 04 e8 49 8b 40 18 8b 88 c0 01 00 00 48 8b
0x00007ff9604dccd2:   90 b8 01 00 00 48 d3 e2 8b 0d b0 b5 80 00 48 2b
0x00007ff9604dcce2:   fa 41 8b 50 60 48 d3 ef 44 8b d7 49 23 d2 48 c1 


Stack slot to memory mapping:
stack at sp + 0 slots: 0x0000000100041de8 is pointing into metadata
stack at sp + 1 slots: 0x0000004cf13ff840 points into unknown readable memory: 0x00007ff960af3ca8 | a8 3c af 60 f9 7f 00 00
stack at sp + 2 slots: 0x0000000086e31f88 is an oop: [Ljava.util.HashMap$Node; 
{0x0000000086e31f88} - klass: 'java/util/HashMap$Node'[]
 - length: 16
stack at sp + 3 slots: 0x00007ff9604dc93f jvm.dll
stack at sp + 4 slots: 0x0000000000000001 is an unknown value
stack at sp + 5 slots: 0x00007ff9604dc93f jvm.dll
stack at sp + 6 slots: 0x00000170a4b18ac0 points into unknown readable memory: 0x00007ff960af3c88 | 88 3c af 60 f9 7f 00 00
stack at sp + 7 slots: 0x0000004cf13ff840 points into unknown readable memory: 0x00007ff960af3ca8 | a8 3c af 60 f9 7f 00 00


---------------  P R O C E S S  ---------------

Threads class SMR info:
_java_thread_list=0x00000170c41ec470, length=29, elements={
0x00000170bd99f250, 0x00000170bd9a2780, 0x00000170be4091a0, 0x00000170be40abb0,
0x00000170be40b5b0, 0x00000170be40bfb0, 0x00000170be40eda0, 0x00000170be456a70,
0x00000170bd9ed3d0, 0x00000170be5698f0, 0x00000170be578bf0, 0x00000170c18b5f60,
0x00000170c04b8760, 0x00000170c021ba10, 0x00000170bee3e6b0, 0x00000170bffd9230,
0x00000170c188e050, 0x00000170c188d060, 0x00000170c188e5a0, 0x00000170c188db00,
0x00000170c07b6230, 0x00000170c07b7cc0, 0x00000170c07b6780, 0x00000170c07b0290,
0x00000170c07b1280, 0x00000170c07b4250, 0x00000170c07b6cd0, 0x00000170c07b5240,
0x00000170c07b7770
}

Java Threads: ( => current thread )
  0x00000170bd99f250 JavaThread "Reference Handler" daemon [_thread_blocked, id=14224, stack(0x0000004cf1700000,0x0000004cf1800000)]
  0x00000170bd9a2780 JavaThread "Finalizer" daemon [_thread_blocked, id=4016, stack(0x0000004cf1800000,0x0000004cf1900000)]
  0x00000170be4091a0 JavaThread "Signal Dispatcher" daemon [_thread_blocked, id=14000, stack(0x0000004cf1900000,0x0000004cf1a00000)]
  0x00000170be40abb0 JavaThread "Attach Listener" daemon [_thread_blocked, id=6804, stack(0x0000004cf1a00000,0x0000004cf1b00000)]
  0x00000170be40b5b0 JavaThread "Service Thread" daemon [_thread_blocked, id=4404, stack(0x0000004cf1b00000,0x0000004cf1c00000)]
  0x00000170be40bfb0 JavaThread "Monitor Deflation Thread" daemon [_thread_blocked, id=12848, stack(0x0000004cf1c00000,0x0000004cf1d00000)]
  0x00000170be40eda0 JavaThread "C2 CompilerThread0" daemon [_thread_in_native, id=2024, stack(0x0000004cf1d00000,0x0000004cf1e00000)]
  0x00000170be456a70 JavaThread "C1 CompilerThread0" daemon [_thread_blocked, id=2136, stack(0x0000004cf1e00000,0x0000004cf1f00000)]
  0x00000170bd9ed3d0 JavaThread "Sweeper thread" daemon [_thread_blocked, id=212, stack(0x0000004cf1f00000,0x0000004cf2000000)]
  0x00000170be5698f0 JavaThread "Notification Thread" daemon [_thread_blocked, id=11928, stack(0x0000004cf2000000,0x0000004cf2100000)]
  0x00000170be578bf0 JavaThread "Common-Cleaner" daemon [_thread_blocked, id=3824, stack(0x0000004cf2200000,0x0000004cf2300000)]
  0x00000170c18b5f60 JavaThread "Catalina-utility-1" [_thread_blocked, id=12488, stack(0x0000004cf2400000,0x0000004cf2500000)]
  0x00000170c04b8760 JavaThread "Catalina-utility-2" [_thread_blocked, id=3692, stack(0x0000004cf2500000,0x0000004cf2600000)]
  0x00000170c021ba10 JavaThread "container-0" [_thread_blocked, id=13596, stack(0x0000004cf2600000,0x0000004cf2700000)]
  0x00000170bee3e6b0 JavaThread "mysql-cj-abandoned-connection-cleanup" daemon [_thread_blocked, id=11396, stack(0x0000004cf2700000,0x0000004cf2800000)]
  0x00000170bffd9230 JavaThread "HikariPool-1 housekeeper" daemon [_thread_blocked, id=6980, stack(0x0000004cf2900000,0x0000004cf2a00000)]
  0x00000170c188e050 JavaThread "http-nio-8080-exec-1" daemon [_thread_blocked, id=4328, stack(0x0000004cf2c00000,0x0000004cf2d00000)]
  0x00000170c188d060 JavaThread "http-nio-8080-exec-2" daemon [_thread_blocked, id=8660, stack(0x0000004cf2d00000,0x0000004cf2e00000)]
  0x00000170c188e5a0 JavaThread "http-nio-8080-exec-3" daemon [_thread_blocked, id=9772, stack(0x0000004cf2e00000,0x0000004cf2f00000)]
  0x00000170c188db00 JavaThread "http-nio-8080-exec-4" daemon [_thread_blocked, id=4020, stack(0x0000004cf2f00000,0x0000004cf3000000)]
  0x00000170c07b6230 JavaThread "http-nio-8080-exec-5" daemon [_thread_blocked, id=3908, stack(0x0000004cf3000000,0x0000004cf3100000)]
  0x00000170c07b7cc0 JavaThread "http-nio-8080-exec-6" daemon [_thread_blocked, id=13976, stack(0x0000004cf3100000,0x0000004cf3200000)]
  0x00000170c07b6780 JavaThread "http-nio-8080-exec-7" daemon [_thread_blocked, id=8724, stack(0x0000004cf3200000,0x0000004cf3300000)]
  0x00000170c07b0290 JavaThread "http-nio-8080-exec-8" daemon [_thread_blocked, id=7996, stack(0x0000004cf3300000,0x0000004cf3400000)]
  0x00000170c07b1280 JavaThread "http-nio-8080-exec-9" daemon [_thread_blocked, id=9288, stack(0x0000004cf3400000,0x0000004cf3500000)]
  0x00000170c07b4250 JavaThread "http-nio-8080-exec-10" daemon [_thread_in_Java, id=13364, stack(0x0000004cf3500000,0x0000004cf3600000)]
  0x00000170c07b6cd0 JavaThread "http-nio-8080-Poller" daemon [_thread_in_native, id=4796, stack(0x0000004cf3600000,0x0000004cf3700000)]
  0x00000170c07b5240 JavaThread "http-nio-8080-Acceptor" daemon [_thread_in_native, id=5208, stack(0x0000004cf3700000,0x0000004cf3800000)]
  0x00000170c07b7770 JavaThread "DestroyJavaVM" [_thread_blocked, id=5328, stack(0x0000004cf1000000,0x0000004cf1100000)]

Other Threads:
  0x00000170bd987c50 VMThread "VM Thread" [stack: 0x0000004cf1600000,0x0000004cf1700000] [id=7440]
  0x00000170be56ee30 WatcherThread [stack: 0x0000004cf2100000,0x0000004cf2200000] [id=11224]
  0x00000170a4b066b0 GCTaskThread "GC Thread#0" [stack: 0x0000004cf1100000,0x0000004cf1200000] [id=4276]
  0x00000170be8ac910 GCTaskThread "GC Thread#1" [stack: 0x0000004cf2300000,0x0000004cf2400000] [id=14136]
  0x00000170a4b16c50 ConcurrentGCThread "G1 Main Marker" [stack: 0x0000004cf1200000,0x0000004cf1300000] [id=7984]
=>0x00000170a4b17ec0 ConcurrentGCThread "G1 Conc#0" [stack: 0x0000004cf1300000,0x0000004cf1400000] [id=2620]
  0x00000170a4b732a0 ConcurrentGCThread "G1 Refine#0" [stack: 0x0000004cf1400000,0x0000004cf1500000] [id=7648]
  0x00000170c1dbacb0 ConcurrentGCThread "G1 Refine#1" [stack: 0x0000004cf0e00000,0x0000004cf0f00000] [id=4884]
  0x00000170a4b73c40 ConcurrentGCThread "G1 Service" [stack: 0x0000004cf1500000,0x0000004cf1600000] [id=3024]

Threads with active compile tasks:
C1 CompilerThread0   111072 8063       1       org.eclipse.jdt.internal.compiler.parser.Parser::getFirstToken (5 bytes)

VM state: not at safepoint (normal execution)

VM Mutex/Monitor currently owned by a thread: None

Heap address: 0x0000000085200000, size: 1966 MB, Compressed Oops mode: 32-bit

CDS disabled.
Compressed class space mapped at: 0x0000000100000000-0x0000000140000000, reserved size: 1073741824
Narrow klass base: 0x0000000000000000, Narrow klass shift: 3, Narrow klass range: 0x140000000

GC Precious Log:
 CPUs: 2 total, 2 available
 Memory: 7862M
 Large Page Support: Disabled
 NUMA Support: Disabled
 Compressed Oops: Enabled (32-bit)
 Heap Region Size: 1M
 Heap Min Capacity: 8M
 Heap Initial Capacity: 124M
 Heap Max Capacity: 1966M
 Pre-touch: Disabled
 Parallel Workers: 2
 Concurrent Workers: 1
 Concurrent Refinement Workers: 2
 Periodic GC: Disabled

Heap:
 garbage-first heap   total 58368K, used 30732K [0x0000000085200000, 0x0000000100000000)
  region size 1024K, 2 young (2048K), 1 survivors (1024K)
 Metaspace       used 82405K, committed 82816K, reserved 1122304K
  class space    used 9781K, committed 9984K, reserved 1048576K

Heap Regions: E=young(eden), S=young(survivor), O=old, HS=humongous(starts), HC=humongous(continues), CS=collection set, F=free, OA=open archive, CA=closed archive, TAMS=top-at-mark-start (previous, next)
|   0|0x0000000085200000, 0x0000000085300000, 0x0000000085300000|100%|HS|  |TAMS 0x0000000085300000, 0x0000000085300000| Complete 
|   1|0x0000000085300000, 0x0000000085400000, 0x0000000085400000|100%| O|  |TAMS 0x0000000085400000, 0x0000000085400000| Untracked 
|   2|0x0000000085400000, 0x0000000085500000, 0x0000000085500000|100%| O|  |TAMS 0x0000000085500000, 0x0000000085500000| Untracked 
|   3|0x0000000085500000, 0x0000000085600000, 0x0000000085600000|100%| O|  |TAMS 0x0000000085600000, 0x0000000085600000| Untracked 
|   4|0x0000000085600000, 0x0000000085700000, 0x0000000085700000|100%| O|  |TAMS 0x0000000085700000, 0x0000000085700000| Untracked 
|   5|0x0000000085700000, 0x00000000857e7000, 0x0000000085800000| 90%| O|  |TAMS 0x00000000857e7000, 0x00000000857e7000| Untracked 
|   6|0x0000000085800000, 0x0000000085900000, 0x0000000085900000|100%| O|  |TAMS 0x0000000085900000, 0x0000000085900000| Untracked 
|   7|0x0000000085900000, 0x0000000085a00000, 0x0000000085a00000|100%| O|  |TAMS 0x0000000085a00000, 0x0000000085a00000| Untracked 
|   8|0x0000000085a00000, 0x0000000085a00000, 0x0000000085b00000|  0%| F|  |TAMS 0x0000000085a00000, 0x0000000085a00000| Untracked 
|   9|0x0000000085b00000, 0x0000000085b00000, 0x0000000085c00000|  0%| F|  |TAMS 0x0000000085b00000, 0x0000000085b00000| Untracked 
|  10|0x0000000085c00000, 0x0000000085c00000, 0x0000000085d00000|  0%| F|  |TAMS 0x0000000085c00000, 0x0000000085c00000| Untracked 
|  11|0x0000000085d00000, 0x0000000085e00000, 0x0000000085e00000|100%| O|  |TAMS 0x0000000085e00000, 0x0000000085e00000| Untracked 
|  12|0x0000000085e00000, 0x0000000085f00000, 0x0000000085f00000|100%| O|  |TAMS 0x0000000085f00000, 0x0000000085f00000| Untracked 
|  13|0x0000000085f00000, 0x0000000085f00000, 0x0000000086000000|  0%| F|  |TAMS 0x0000000085f00000, 0x0000000085f00000| Untracked 
|  14|0x0000000086000000, 0x0000000086100000, 0x0000000086100000|100%| O|  |TAMS 0x0000000086100000, 0x0000000086100000| Untracked 
|  15|0x0000000086100000, 0x0000000086200000, 0x0000000086200000|100%| O|  |TAMS 0x0000000086200000, 0x0000000086200000| Untracked 
|  16|0x0000000086200000, 0x0000000086300000, 0x0000000086300000|100%| O|  |TAMS 0x0000000086300000, 0x0000000086300000| Untracked 
|  17|0x0000000086300000, 0x0000000086400000, 0x0000000086400000|100%| O|  |TAMS 0x0000000086400000, 0x0000000086400000| Untracked 
|  18|0x0000000086400000, 0x0000000086500000, 0x0000000086500000|100%| O|  |TAMS 0x0000000086500000, 0x0000000086500000| Untracked 
|  19|0x0000000086500000, 0x0000000086600000, 0x0000000086600000|100%| O|  |TAMS 0x0000000086600000, 0x0000000086600000| Untracked 
|  20|0x0000000086600000, 0x0000000086700000, 0x0000000086700000|100%| O|  |TAMS 0x0000000086700000, 0x0000000086700000| Untracked 
|  21|0x0000000086700000, 0x0000000086800000, 0x0000000086800000|100%| O|  |TAMS 0x0000000086800000, 0x0000000086800000| Untracked 
|  22|0x0000000086800000, 0x0000000086900000, 0x0000000086900000|100%| O|  |TAMS 0x0000000086900000, 0x0000000086900000| Untracked 
|  23|0x0000000086900000, 0x0000000086a00000, 0x0000000086a00000|100%| O|  |TAMS 0x0000000086a00000, 0x0000000086a00000| Untracked 
|  24|0x0000000086a00000, 0x0000000086a00000, 0x0000000086b00000|  0%| F|  |TAMS 0x0000000086a00000, 0x0000000086a00000| Untracked 
|  25|0x0000000086b00000, 0x0000000086c00000, 0x0000000086c00000|100%| O|  |TAMS 0x0000000086c00000, 0x0000000086c00000| Untracked 
|  26|0x0000000086c00000, 0x0000000086d00000, 0x0000000086d00000|100%| O|  |TAMS 0x0000000086d00000, 0x0000000086d00000| Untracked 
|  27|0x0000000086d00000, 0x0000000086d00000, 0x0000000086e00000|  0%| F|  |TAMS 0x0000000086d00000, 0x0000000086d00000| Untracked 
|  28|0x0000000086e00000, 0x0000000086f00000, 0x0000000086f00000|100%| O|  |TAMS 0x0000000086e00000, 0x0000000086f00000| Untracked 
|  29|0x0000000086f00000, 0x0000000087000000, 0x0000000087000000|100%| O|  |TAMS 0x0000000086f00000, 0x0000000087000000| Untracked 
|  30|0x0000000087000000, 0x0000000087100000, 0x0000000087100000|100%| O|  |TAMS 0x0000000087000000, 0x0000000087100000| Untracked 
|  31|0x0000000087100000, 0x0000000087200000, 0x0000000087200000|100%| O|  |TAMS 0x0000000087100000, 0x0000000087200000| Untracked 
|  32|0x0000000087200000, 0x0000000087300000, 0x0000000087300000|100%| O|  |TAMS 0x0000000087200000, 0x0000000087300000| Untracked 
|  33|0x0000000087300000, 0x0000000087400000, 0x0000000087400000|100%| O|  |TAMS 0x0000000087300000, 0x0000000087400000| Untracked 
|  34|0x0000000087400000, 0x0000000087500000, 0x0000000087500000|100%| O|  |TAMS 0x0000000087400000, 0x0000000087500000| Untracked 
|  35|0x0000000087500000, 0x000000008751ea00, 0x0000000087600000| 11%| O|  |TAMS 0x0000000087500000, 0x000000008751ea00| Untracked 
|  36|0x0000000087600000, 0x0000000087600000, 0x0000000087700000|  0%| F|  |TAMS 0x0000000087600000, 0x0000000087600000| Untracked 
|  37|0x0000000087700000, 0x0000000087700000, 0x0000000087800000|  0%| F|  |TAMS 0x0000000087700000, 0x0000000087700000| Untracked 
|  38|0x0000000087800000, 0x0000000087800000, 0x0000000087900000|  0%| F|  |TAMS 0x0000000087800000, 0x0000000087800000| Untracked 
|  39|0x0000000087900000, 0x00000000879fd730, 0x0000000087a00000| 99%| S|CS|TAMS 0x0000000087900000, 0x0000000087900000| Complete 
|  40|0x0000000087a00000, 0x0000000087a00000, 0x0000000087b00000|  0%| F|  |TAMS 0x0000000087a00000, 0x0000000087a00000| Untracked 
|  41|0x0000000087b00000, 0x0000000087b00000, 0x0000000087c00000|  0%| F|  |TAMS 0x0000000087b00000, 0x0000000087b00000| Untracked 
|  42|0x0000000087c00000, 0x0000000087c00000, 0x0000000087d00000|  0%| F|  |TAMS 0x0000000087c00000, 0x0000000087c00000| Untracked 
|  43|0x0000000087d00000, 0x0000000087d00000, 0x0000000087e00000|  0%| F|  |TAMS 0x0000000087d00000, 0x0000000087d00000| Untracked 
|  44|0x0000000087e00000, 0x0000000087e00000, 0x0000000087f00000|  0%| F|  |TAMS 0x0000000087e00000, 0x0000000087e00000| Untracked 
|  45|0x0000000087f00000, 0x0000000087f00000, 0x0000000088000000|  0%| F|  |TAMS 0x0000000087f00000, 0x0000000087f00000| Untracked 
|  46|0x0000000088000000, 0x0000000088000000, 0x0000000088100000|  0%| F|  |TAMS 0x0000000088000000, 0x0000000088000000| Untracked 
|  47|0x0000000088100000, 0x0000000088100000, 0x0000000088200000|  0%| F|  |TAMS 0x0000000088100000, 0x0000000088100000| Untracked 
|  48|0x0000000088200000, 0x0000000088200000, 0x0000000088300000|  0%| F|  |TAMS 0x0000000088200000, 0x0000000088200000| Untracked 
|  49|0x0000000088300000, 0x0000000088300000, 0x0000000088400000|  0%| F|  |TAMS 0x0000000088300000, 0x0000000088300000| Untracked 
|  50|0x0000000088400000, 0x0000000088400000, 0x0000000088500000|  0%| F|  |TAMS 0x0000000088400000, 0x0000000088400000| Untracked 
|  51|0x0000000088500000, 0x0000000088500000, 0x0000000088600000|  0%| F|  |TAMS 0x0000000088500000, 0x0000000088500000| Untracked 
|  52|0x0000000088600000, 0x0000000088600000, 0x0000000088700000|  0%| F|  |TAMS 0x0000000088600000, 0x0000000088600000| Untracked 
|  53|0x0000000088700000, 0x0000000088700000, 0x0000000088800000|  0%| F|  |TAMS 0x0000000088700000, 0x0000000088700000| Untracked 
|  54|0x0000000088800000, 0x0000000088800000, 0x0000000088900000|  0%| F|  |TAMS 0x0000000088800000, 0x0000000088800000| Untracked 
|  89|0x000000008ab00000, 0x000000008ab00000, 0x000000008ac00000|  0%| F|  |TAMS 0x000000008ab00000, 0x000000008ab00000| Untracked 
| 123|0x000000008cd00000, 0x000000008cd0fd70, 0x000000008ce00000|  6%| E|  |TAMS 0x000000008cd00000, 0x000000008cd00000| Complete 

Card table byte_map: [0x00000170b7040000,0x00000170b7420000] _byte_map_base: 0x00000170b6c17000

Marking Bits (Prev, Next): (CMBitMap*) 0x00000170a4b06c80, (CMBitMap*) 0x00000170a4b06c40
 Prev Bits: [0x00000170b96c0000, 0x00000170bb578000)
 Next Bits: [0x00000170b7800000, 0x00000170b96b8000)

Polling page: 0x00000170a2980000

Metaspace:

Usage:
  Non-class:     70.92 MB used.
      Class:      9.55 MB used.
       Both:     80.47 MB used.

Virtual space:
  Non-class space:       72.00 MB reserved,      71.12 MB ( 99%) committed,  9 nodes.
      Class space:        1.00 GB reserved,       9.75 MB ( <1%) committed,  1 nodes.
              Both:        1.07 GB reserved,      80.88 MB (  7%) committed. 

Chunk freelists:
   Non-Class:  528.00 KB
       Class:  2.20 MB
        Both:  2.72 MB

MaxMetaspaceSize: 17179869184.00 GB
CompressedClassSpaceSize: 1.00 GB
 - commit_granule_bytes: 65536.
 - commit_granule_words: 8192.
 - virtual_space_node_default_size: 1048576.
 - enlarge_chunks_in_place: 1.
 - new_chunks_are_fully_committed: 0.
 - uncommit_free_chunks: 1.
 - use_allocation_guard: 0.
 - handle_deallocations: 1.


Internal statistics:

num_allocs_failed_limit: 9.
num_arena_births: 484.
num_arena_deaths: 0.
num_vsnodes_births: 10.
num_vsnodes_deaths: 0.
num_space_committed: 1294.
num_space_uncommitted: 0.
num_chunks_returned_to_freelist: 9.
num_chunks_taken_from_freelist: 3004.
num_chunk_merges: 6.
num_chunk_splits: 2197.
num_chunks_enlarged: 1766.
num_purges: 0.

CodeHeap 'non-profiled nmethods': size=120064Kb used=4356Kb max_used=4356Kb free=115707Kb
 bounds [0x00000170afb00000, 0x00000170aff50000, 0x00000170b7040000]
CodeHeap 'profiled nmethods': size=120000Kb used=16014Kb max_used=16014Kb free=103985Kb
 bounds [0x00000170a85d0000, 0x00000170a9580000, 0x00000170afb00000]
CodeHeap 'non-nmethods': size=5696Kb used=1358Kb max_used=1416Kb free=4337Kb
 bounds [0x00000170a8040000, 0x00000170a82b0000, 0x00000170a85d0000]
 total_blobs=7913 nmethods=7221 adapters=604
 compilation: enabled
              stopped_count=0, restarted_count=0
 full_count=0

Compilation events (20 events):
Event: 110.575 Thread 0x00000170be456a70 8052       3       org.apache.jasper.compiler.SmapUtil$SmapGenVisitor::visit (140 bytes)
Event: 110.580 Thread 0x00000170be456a70 nmethod 8052 0x00000170a956e410 code [0x00000170a956e6e0, 0x00000170a956f6a8]
Event: 110.642 Thread 0x00000170be40eda0 nmethod 8040 0x00000170aff2e590 code [0x00000170aff2e8c0, 0x00000170aff2fb58]
Event: 110.642 Thread 0x00000170be40eda0 8053       4       java.util.HashMap::getNode (150 bytes)
Event: 110.652 Thread 0x00000170be40eda0 nmethod 8053 0x00000170aff30f10 code [0x00000170aff310a0, 0x00000170aff31358]
Event: 110.652 Thread 0x00000170be40eda0 8042       4       com.sun.org.apache.xerces.internal.impl.XMLDocumentFragmentScannerImpl::seekCloseOfStartTag (138 bytes)
Event: 110.668 Thread 0x00000170be40eda0 nmethod 8042 0x00000170aff31590 code [0x00000170aff31780, 0x00000170aff31ca0]
Event: 110.673 Thread 0x00000170be40eda0 8054       4       org.eclipse.jdt.internal.compiler.parser.Parser::consumeRule (7272 bytes)
Event: 110.675 Thread 0x00000170be456a70 8055       3       org.eclipse.jdt.internal.compiler.ast.QualifiedTypeReference::<init> (50 bytes)
Event: 110.676 Thread 0x00000170be456a70 nmethod 8055 0x00000170a956fd10 code [0x00000170a956fee0, 0x00000170a9570338]
Event: 110.741 Thread 0x00000170be456a70 8057       3       org.eclipse.jdt.internal.compiler.lookup.PackageBinding::isDeclaredIn (12 bytes)
Event: 110.741 Thread 0x00000170be456a70 nmethod 8057 0x00000170a9570510 code [0x00000170a95706c0, 0x00000170a9570838]
Event: 110.802 Thread 0x00000170be456a70 8059       3       org.eclipse.jdt.internal.compiler.lookup.PackageBinding::checkIfNullAnnotationPackage (76 bytes)
Event: 110.802 Thread 0x00000170be456a70 nmethod 8059 0x00000170a9570910 code [0x00000170a9570b00, 0x00000170a9571088]
Event: 110.816 Thread 0x00000170be456a70 8060       3       org.eclipse.jdt.internal.compiler.lookup.BinaryTypeBinding::signature2qualifiedTypeName (12 bytes)
Event: 110.816 Thread 0x00000170be456a70 nmethod 8060 0x00000170a9571290 code [0x00000170a9571440, 0x00000170a9571588]
Event: 110.816 Thread 0x00000170be456a70 8061       3       org.eclipse.jdt.internal.compiler.lookup.LookupEnvironment::getNullAnnotationBit (271 bytes)
Event: 110.819 Thread 0x00000170be456a70 nmethod 8061 0x00000170a9571690 code [0x00000170a9571a40, 0x00000170a9573368]
Event: 110.840 Thread 0x00000170be456a70 8062       3       java.io.Reader::<init> (27 bytes)
Event: 110.841 Thread 0x00000170be456a70 nmethod 8062 0x00000170a9573d10 code [0x00000170a9573ec0, 0x00000170a95741a8]

GC Heap History (20 events):
Event: 26.484 GC heap before
{Heap before GC invocations=23 (full 0):
 garbage-first heap   total 58368K, used 24785K [0x0000000085200000, 0x0000000100000000)
  region size 1024K, 6 young (6144K), 3 survivors (3072K)
 Metaspace       used 59150K, committed 59456K, reserved 1105920K
  class space    used 7331K, committed 7488K, reserved 1048576K
}
Event: 26.492 GC heap after
{Heap after GC invocations=24 (full 0):
 garbage-first heap   total 58368K, used 23022K [0x0000000085200000, 0x0000000100000000)
  region size 1024K, 2 young (2048K), 2 survivors (2048K)
 Metaspace       used 59150K, committed 59456K, reserved 1105920K
  class space    used 7331K, committed 7488K, reserved 1048576K
}
Event: 30.997 GC heap before
{Heap before GC invocations=25 (full 0):
 garbage-first heap   total 58368K, used 47598K [0x0000000085200000, 0x0000000100000000)
  region size 1024K, 26 young (26624K), 2 survivors (2048K)
 Metaspace       used 63123K, committed 63424K, reserved 1105920K
  class space    used 7862K, committed 8000K, reserved 1048576K
}
Event: 31.008 GC heap after
{Heap after GC invocations=26 (full 0):
 garbage-first heap   total 58368K, used 24308K [0x0000000085200000, 0x0000000100000000)
  region size 1024K, 3 young (3072K), 3 survivors (3072K)
 Metaspace       used 63123K, committed 63424K, reserved 1105920K
  class space    used 7862K, committed 8000K, reserved 1048576K
}
Event: 33.985 GC heap before
{Heap before GC invocations=26 (full 0):
 garbage-first heap   total 58368K, used 47860K [0x0000000085200000, 0x0000000100000000)
  region size 1024K, 26 young (26624K), 3 survivors (3072K)
 Metaspace       used 66307K, committed 66688K, reserved 1114112K
  class space    used 8239K, committed 8384K, reserved 1048576K
}
Event: 34.002 GC heap after
{Heap after GC invocations=27 (full 0):
 garbage-first heap   total 58368K, used 26699K [0x0000000085200000, 0x0000000100000000)
  region size 1024K, 4 young (4096K), 4 survivors (4096K)
 Metaspace       used 66307K, committed 66688K, reserved 1114112K
  class space    used 8239K, committed 8384K, reserved 1048576K
}
Event: 36.440 GC heap before
{Heap before GC invocations=27 (full 0):
 garbage-first heap   total 58368K, used 46155K [0x0000000085200000, 0x0000000100000000)
  region size 1024K, 23 young (23552K), 4 survivors (4096K)
 Metaspace       used 68807K, committed 69120K, reserved 1114112K
  class space    used 8576K, committed 8704K, reserved 1048576K
}
Event: 36.467 GC heap after
{Heap after GC invocations=28 (full 0):
 garbage-first heap   total 58368K, used 28816K [0x0000000085200000, 0x0000000100000000)
  region size 1024K, 3 young (3072K), 3 survivors (3072K)
 Metaspace       used 68807K, committed 69120K, reserved 1114112K
  class space    used 8576K, committed 8704K, reserved 1048576K
}
Event: 86.387 GC heap before
{Heap before GC invocations=28 (full 0):
 garbage-first heap   total 58368K, used 45200K [0x0000000085200000, 0x0000000100000000)
  region size 1024K, 20 young (20480K), 3 survivors (3072K)
 Metaspace       used 73109K, committed 73472K, reserved 1114112K
  class space    used 9057K, committed 9216K, reserved 1048576K
}
Event: 86.404 GC heap after
{Heap after GC invocations=29 (full 0):
 garbage-first heap   total 58368K, used 29911K [0x0000000085200000, 0x0000000100000000)
  region size 1024K, 2 young (2048K), 2 survivors (2048K)
 Metaspace       used 73109K, committed 73472K, reserved 1114112K
  class space    used 9057K, committed 9216K, reserved 1048576K
}
Event: 87.846 GC heap before
{Heap before GC invocations=30 (full 0):
 garbage-first heap   total 58368K, used 46295K [0x0000000085200000, 0x0000000100000000)
  region size 1024K, 19 young (19456K), 2 survivors (2048K)
 Metaspace       used 77439K, committed 77760K, reserved 1122304K
  class space    used 9395K, committed 9536K, reserved 1048576K
}
Event: 87.855 GC heap after
{Heap after GC invocations=31 (full 0):
 garbage-first heap   total 58368K, used 30483K [0x0000000085200000, 0x0000000100000000)
  region size 1024K, 2 young (2048K), 2 survivors (2048K)
 Metaspace       used 77439K, committed 77760K, reserved 1122304K
  class space    used 9395K, committed 9536K, reserved 1048576K
}
Event: 90.130 GC heap before
{Heap before GC invocations=31 (full 0):
 garbage-first heap   total 58368K, used 46867K [0x0000000085200000, 0x0000000100000000)
  region size 1024K, 19 young (19456K), 2 survivors (2048K)
 Metaspace       used 79897K, committed 80320K, reserved 1122304K
  class space    used 9596K, committed 9792K, reserved 1048576K
}
Event: 90.150 GC heap after
{Heap after GC invocations=32 (full 0):
 garbage-first heap   total 58368K, used 31161K [0x0000000085200000, 0x0000000100000000)
  region size 1024K, 2 young (2048K), 2 survivors (2048K)
 Metaspace       used 79897K, committed 80320K, reserved 1122304K
  class space    used 9596K, committed 9792K, reserved 1048576K
}
Event: 94.930 GC heap before
{Heap before GC invocations=33 (full 0):
 garbage-first heap   total 58368K, used 46521K [0x0000000085200000, 0x0000000100000000)
  region size 1024K, 18 young (18432K), 2 survivors (2048K)
 Metaspace       used 81354K, committed 81728K, reserved 1122304K
  class space    used 9702K, committed 9920K, reserved 1048576K
}
Event: 94.942 GC heap after
{Heap after GC invocations=34 (full 0):
 garbage-first heap   total 58368K, used 32142K [0x0000000085200000, 0x0000000100000000)
  region size 1024K, 3 young (3072K), 3 survivors (3072K)
 Metaspace       used 81354K, committed 81728K, reserved 1122304K
  class space    used 9702K, committed 9920K, reserved 1048576K
}
Event: 94.960 GC heap before
{Heap before GC invocations=34 (full 0):
 garbage-first heap   total 58368K, used 33166K [0x0000000085200000, 0x0000000100000000)
  region size 1024K, 4 young (4096K), 3 survivors (3072K)
 Metaspace       used 81355K, committed 81728K, reserved 1122304K
  class space    used 9702K, committed 9920K, reserved 1048576K
}
Event: 94.990 GC heap after
{Heap after GC invocations=35 (full 0):
 garbage-first heap   total 58368K, used 30140K [0x0000000085200000, 0x0000000100000000)
  region size 1024K, 1 young (1024K), 1 survivors (1024K)
 Metaspace       used 81355K, committed 81728K, reserved 1122304K
  class space    used 9702K, committed 9920K, reserved 1048576K
}
Event: 110.842 GC heap before
{Heap before GC invocations=35 (full 0):
 garbage-first heap   total 58368K, used 45500K [0x0000000085200000, 0x0000000100000000)
  region size 1024K, 17 young (17408K), 1 survivors (1024K)
 Metaspace       used 82405K, committed 82816K, reserved 1122304K
  class space    used 9781K, committed 9984K, reserved 1048576K
}
Event: 110.850 GC heap after
{Heap after GC invocations=36 (full 0):
 garbage-first heap   total 58368K, used 30732K [0x0000000085200000, 0x0000000100000000)
  region size 1024K, 1 young (1024K), 1 survivors (1024K)
 Metaspace       used 82405K, committed 82816K, reserved 1122304K
  class space    used 9781K, committed 9984K, reserved 1048576K
}

Deoptimization events (20 events):
Event: 105.843 Thread 0x00000170c07b1280 DEOPT PACKING pc=0x00000170a9325bed sp=0x0000004cf34fb9c0
Event: 105.843 Thread 0x00000170c07b1280 DEOPT UNPACKING pc=0x00000170a808deaf sp=0x0000004cf34faed8 mode 0
Event: 106.036 Thread 0x00000170c07b1280 Uncommon trap: trap_request=0xffffff6e fr.pc=0x00000170aff047b4 relative=0x0000000000000194
Event: 106.036 Thread 0x00000170c07b1280 Uncommon trap: reason=loop_limit_check action=maybe_recompile pc=0x00000170aff047b4 method=org.eclipse.jdt.internal.compiler.lookup.ReferenceBinding.compare([C[CII)I @ 46 c2
Event: 106.036 Thread 0x00000170c07b1280 DEOPT PACKING pc=0x00000170aff047b4 sp=0x0000004cf34fb730
Event: 106.036 Thread 0x00000170c07b1280 DEOPT UNPACKING pc=0x00000170a808d728 sp=0x0000004cf34fb6a0 mode 2
Event: 106.043 Thread 0x00000170c07b1280 DEOPT PACKING pc=0x00000170a93218ce sp=0x0000004cf34fb3a0
Event: 106.043 Thread 0x00000170c07b1280 DEOPT UNPACKING pc=0x00000170a808deaf sp=0x0000004cf34fa848 mode 0
Event: 106.278 Thread 0x00000170c07b1280 DEOPT PACKING pc=0x00000170a935b53d sp=0x0000004cf34fb440
Event: 106.278 Thread 0x00000170c07b1280 DEOPT UNPACKING pc=0x00000170a808deaf sp=0x0000004cf34fa9d0 mode 0
Event: 106.363 Thread 0x00000170c07b1280 DEOPT PACKING pc=0x00000170a9398661 sp=0x0000004cf34fba10
Event: 106.363 Thread 0x00000170c07b1280 DEOPT UNPACKING pc=0x00000170a808deaf sp=0x0000004cf34fae90 mode 0
Event: 106.481 Thread 0x00000170c07b1280 Uncommon trap: trap_request=0xffffffde fr.pc=0x00000170afcd6190 relative=0x00000000000005d0
Event: 106.481 Thread 0x00000170c07b1280 Uncommon trap: reason=class_check action=maybe_recompile pc=0x00000170afcd6190 method=java.lang.AbstractStringBuilder.<init>(Ljava/lang/String;)V @ 58 c2
Event: 106.481 Thread 0x00000170c07b1280 DEOPT PACKING pc=0x00000170afcd6190 sp=0x0000004cf34fc2a0
Event: 106.481 Thread 0x00000170c07b1280 DEOPT UNPACKING pc=0x00000170a808d728 sp=0x0000004cf34fc280 mode 2
Event: 110.542 Thread 0x00000170c07b4250 Uncommon trap: trap_request=0xffffffde fr.pc=0x00000170afe82494 relative=0x0000000000000154
Event: 110.542 Thread 0x00000170c07b4250 Uncommon trap: reason=class_check action=maybe_recompile pc=0x00000170afe82494 method=com.sun.org.apache.xerces.internal.parsers.AbstractSAXParser.endNamespaceMapping()V @ 35 c2
Event: 110.542 Thread 0x00000170c07b4250 DEOPT PACKING pc=0x00000170afe82494 sp=0x0000004cf35fbbf0
Event: 110.542 Thread 0x00000170c07b4250 DEOPT UNPACKING pc=0x00000170a808d728 sp=0x0000004cf35fbb98 mode 2

Classes unloaded (0 events):
No events

Classes redefined (0 events):
No events

Internal exceptions (20 events):
Event: 89.705 Thread 0x00000170c188e050 Exception <a 'java/lang/ClassNotFoundException'{0x0000000087c70400}: org/apache/taglibs/standard/tag/rt/core/IfTagCustomizer> (0x0000000087c70400) 
thrown [t:\workspace\open\src\hotspot\share\classfile\systemDictionary.cpp, line 256]
Event: 89.794 Thread 0x00000170c188e050 Exception <a 'java/lang/ArrayIndexOutOfBoundsException'{0x0000000087cd06b0}> (0x0000000087cd06b0) 
thrown [t:\workspace\open\src\hotspot\share\runtime\sharedRuntime.cpp, line 624]
Event: 91.148 Thread 0x00000170c188d060 Exception <a 'java/lang/NoSuchMethodError'{0x00000000885e3830}: 'java.lang.Object java.lang.invoke.DirectMethodHandle$Holder.invokeStatic(java.lang.Object, int, int)'> (0x00000000885e3830) 
thrown [t:\workspace\open\src\hotspot\share\interpreter\linkResolver.cpp, line 790]
Event: 91.985 Thread 0x00000170c188e5a0 Exception <a 'java/io/IOException'{0x000000008816a618}> (0x000000008816a618) 
thrown [t:\workspace\open\src\hotspot\share\prims\jni.cpp, line 579]
Event: 94.345 Thread 0x00000170c188db00 Exception <a 'java/lang/ArrayIndexOutOfBoundsException'{0x000000008803f590}> (0x000000008803f590) 
thrown [t:\workspace\open\src\hotspot\share\runtime\sharedRuntime.cpp, line 624]
Event: 103.190 Thread 0x00000170c07b6230 Exception <a 'java/lang/NoSuchMethodError'{0x000000008870c528}: 'java.lang.Object java.lang.invoke.DirectMethodHandle$Holder.invokeStaticInit(java.lang.Object, java.lang.Object, java.lang.Object, java.lang.Object, java.lang.Object, java.lang.Object)'> (0x000000008870c528) 
thrown [t:\workspace\open\src\hotspot\share\interpreter\linkResolver.cpp, line 790]
Event: 103.244 Thread 0x00000170c07b7cc0 Exception <a 'java/lang/ClassNotFoundException'{0x00000000887cd710}: br/anderson/infnet/appclinica/model/dominio/UsuarioBeanInfo> (0x00000000887cd710) 
thrown [t:\workspace\open\src\hotspot\share\classfile\systemDictionary.cpp, line 256]
Event: 103.246 Thread 0x00000170c07b7cc0 Exception <a 'java/lang/ClassNotFoundException'{0x00000000887d4320}: br/anderson/infnet/appclinica/model/dominio/UsuarioCustomizer> (0x00000000887d4320) 
thrown [t:\workspace\open\src\hotspot\share\classfile\systemDictionary.cpp, line 256]
Event: 105.329 Thread 0x00000170c07b1280 Exception <a 'java/lang/ClassNotFoundException'{0x0000000088562ec8}: org/apache/taglibs/standard/tag/rt/core/ForEachTagBeanInfo> (0x0000000088562ec8) 
thrown [t:\workspace\open\src\hotspot\share\classfile\systemDictionary.cpp, line 256]
Event: 105.331 Thread 0x00000170c07b1280 Exception <a 'java/lang/ClassNotFoundException'{0x0000000088569aa8}: org/apache/taglibs/standard/tag/common/core/ForEachSupportBeanInfo> (0x0000000088569aa8) 
thrown [t:\workspace\open\src\hotspot\share\classfile\systemDictionary.cpp, line 256]
Event: 105.339 Thread 0x00000170c07b1280 Exception <a 'java/lang/ClassNotFoundException'{0x00000000885701c8}: javax/servlet/jsp/jstl/core/LoopTagSupportBeanInfo> (0x00000000885701c8) 
thrown [t:\workspace\open\src\hotspot\share\classfile\systemDictionary.cpp, line 256]
Event: 105.341 Thread 0x00000170c07b1280 Exception <a 'java/lang/ClassNotFoundException'{0x0000000088576b30}: javax/servlet/jsp/jstl/core/LoopTagSupportCustomizer> (0x0000000088576b30) 
thrown [t:\workspace\open\src\hotspot\share\classfile\systemDictionary.cpp, line 256]
Event: 105.356 Thread 0x00000170c07b1280 Exception <a 'java/lang/ClassNotFoundException'{0x000000008858e898}: org/apache/taglibs/standard/tag/common/core/ForEachSupportCustomizer> (0x000000008858e898) 
thrown [t:\workspace\open\src\hotspot\share\classfile\systemDictionary.cpp, line 256]
Event: 105.360 Thread 0x00000170c07b1280 Exception <a 'java/lang/ClassNotFoundException'{0x000000008859ae00}: org/apache/taglibs/standard/tag/rt/core/ForEachTagCustomizer> (0x000000008859ae00) 
thrown [t:\workspace\open\src\hotspot\share\classfile\systemDictionary.cpp, line 256]
Event: 105.365 Thread 0x00000170c07b1280 Exception <a 'java/lang/ClassNotFoundException'{0x00000000885b3068}: org/apache/taglibs/standard/tag/rt/core/OutTagBeanInfo> (0x00000000885b3068) 
thrown [t:\workspace\open\src\hotspot\share\classfile\systemDictionary.cpp, line 256]
Event: 105.372 Thread 0x00000170c07b1280 Exception <a 'java/lang/ClassNotFoundException'{0x00000000885b9ad0}: org/apache/taglibs/standard/tag/common/core/OutSupportBeanInfo> (0x00000000885b9ad0) 
thrown [t:\workspace\open\src\hotspot\share\classfile\systemDictionary.cpp, line 256]
Event: 105.375 Thread 0x00000170c07b1280 Exception <a 'java/lang/ClassNotFoundException'{0x00000000885c0828}: org/apache/taglibs/standard/tag/common/core/OutSupportCustomizer> (0x00000000885c0828) 
thrown [t:\workspace\open\src\hotspot\share\classfile\systemDictionary.cpp, line 256]
Event: 105.381 Thread 0x00000170c07b1280 Exception <a 'java/lang/ClassNotFoundException'{0x00000000885cd3a0}: org/apache/taglibs/standard/tag/rt/core/OutTagCustomizer> (0x00000000885cd3a0) 
thrown [t:\workspace\open\src\hotspot\share\classfile\systemDictionary.cpp, line 256]
Event: 106.490 Thread 0x00000170c07b1280 Exception <a 'java/lang/ClassNotFoundException'{0x0000000087b0b290}: br/anderson/infnet/appclinica/model/dominio/PacienteBeanInfo> (0x0000000087b0b290) 
thrown [t:\workspace\open\src\hotspot\share\classfile\systemDictionary.cpp, line 256]
Event: 106.491 Thread 0x00000170c07b1280 Exception <a 'java/lang/ClassNotFoundException'{0x0000000087b11200}: br/anderson/infnet/appclinica/model/dominio/PacienteCustomizer> (0x0000000087b11200) 
thrown [t:\workspace\open\src\hotspot\share\classfile\systemDictionary.cpp, line 256]

Events (20 events):
Event: 92.869 Executing  VM operation: Cleanup
Event: 92.869 Executing  VM operation: Cleanup done
Event: 94.896 Executing  VM operation: Cleanup
Event: 94.897 Executing  VM operation: Cleanup done
Event: 94.930 Executing  VM operation: G1CollectForAllocation
Event: 94.942 Executing  VM operation: G1CollectForAllocation done
Event: 94.960 Executing  VM operation: G1CollectForAllocation
Event: 94.990 Executing  VM operation: G1CollectForAllocation done
Event: 95.999 Executing  VM operation: Cleanup
Event: 95.999 Executing  VM operation: Cleanup done
Event: 103.062 Executing  VM operation: Cleanup
Event: 103.063 Executing  VM operation: Cleanup done
Event: 104.077 Executing  VM operation: Cleanup
Event: 104.078 Executing  VM operation: Cleanup done
Event: 106.090 Executing  VM operation: Cleanup
Event: 106.090 Executing  VM operation: Cleanup done
Event: 107.099 Executing  VM operation: Cleanup
Event: 107.100 Executing  VM operation: Cleanup done
Event: 110.841 Executing  VM operation: G1CollectForAllocation
Event: 110.889 Executing  VM operation: G1CollectForAllocation done


Dynamic libraries:
0x00007ff7aac50000 - 0x00007ff7aac5e000 	C:\Downloads\eclipse-jee-2021-09-R-win32-x86_64\eclipse\plugins\org.eclipse.justj.openjdk.hotspot.jre.full.win32.x86_64_16.0.2.v20210721-1149\jre\bin\javaw.exe
0x00007ff9cc470000 - 0x00007ff9cc668000 	C:\WINDOWS\SYSTEM32\ntdll.dll
0x00007ff9cb7a0000 - 0x00007ff9cb85f000 	C:\WINDOWS\System32\KERNEL32.DLL
0x00007ff9ca0e0000 - 0x00007ff9ca3b2000 	C:\WINDOWS\System32\KERNELBASE.dll
0x00007ff9ca3c0000 - 0x00007ff9ca4c0000 	C:\WINDOWS\System32\ucrtbase.dll
0x00007ff9c3bd0000 - 0x00007ff9c3be8000 	C:\Downloads\eclipse-jee-2021-09-R-win32-x86_64\eclipse\plugins\org.eclipse.justj.openjdk.hotspot.jre.full.win32.x86_64_16.0.2.v20210721-1149\jre\bin\jli.dll
0x00007ff9caa70000 - 0x00007ff9cac11000 	C:\WINDOWS\System32\USER32.dll
0x00007ff9c9fa0000 - 0x00007ff9c9fc2000 	C:\WINDOWS\System32\win32u.dll
0x00007ff9cb760000 - 0x00007ff9cb78b000 	C:\WINDOWS\System32\GDI32.dll
0x00007ff9c9b70000 - 0x00007ff9c9c7f000 	C:\WINDOWS\System32\gdi32full.dll
0x00007ff9ca040000 - 0x00007ff9ca0dd000 	C:\WINDOWS\System32\msvcp_win.dll
0x00007ff9c29b0000 - 0x00007ff9c29c9000 	C:\Downloads\eclipse-jee-2021-09-R-win32-x86_64\eclipse\plugins\org.eclipse.justj.openjdk.hotspot.jre.full.win32.x86_64_16.0.2.v20210721-1149\jre\bin\VCRUNTIME140.dll
0x00007ff9b62a0000 - 0x00007ff9b653a000 	C:\WINDOWS\WinSxS\amd64_microsoft.windows.common-controls_6595b64144ccf1df_6.0.19041.1110_none_60b5254171f9507e\COMCTL32.dll
0x00007ff9cb4e0000 - 0x00007ff9cb57e000 	C:\WINDOWS\System32\msvcrt.dll
0x00007ff9cbd90000 - 0x00007ff9cbdc0000 	C:\WINDOWS\System32\IMM32.DLL
0x00007ff9c5810000 - 0x00007ff9c581c000 	C:\Downloads\eclipse-jee-2021-09-R-win32-x86_64\eclipse\plugins\org.eclipse.justj.openjdk.hotspot.jre.full.win32.x86_64_16.0.2.v20210721-1149\jre\bin\vcruntime140_1.dll
0x00007ff9b99d0000 - 0x00007ff9b9a61000 	C:\Downloads\eclipse-jee-2021-09-R-win32-x86_64\eclipse\plugins\org.eclipse.justj.openjdk.hotspot.jre.full.win32.x86_64_16.0.2.v20210721-1149\jre\bin\msvcp140.dll
0x00007ff960210000 - 0x00007ff960dbb000 	C:\Downloads\eclipse-jee-2021-09-R-win32-x86_64\eclipse\plugins\org.eclipse.justj.openjdk.hotspot.jre.full.win32.x86_64_16.0.2.v20210721-1149\jre\bin\server\jvm.dll
0x00007ff9cac20000 - 0x00007ff9cacce000 	C:\WINDOWS\System32\ADVAPI32.dll
0x00007ff9cb870000 - 0x00007ff9cb90c000 	C:\WINDOWS\System32\sechost.dll
0x00007ff9cb630000 - 0x00007ff9cb754000 	C:\WINDOWS\System32\RPCRT4.dll
0x00007ff9cb790000 - 0x00007ff9cb798000 	C:\WINDOWS\System32\PSAPI.DLL
0x00007ff9b5e10000 - 0x00007ff9b5e19000 	C:\WINDOWS\SYSTEM32\WSOCK32.dll
0x00007ff9cbd20000 - 0x00007ff9cbd8b000 	C:\WINDOWS\System32\WS2_32.dll
0x00007ff9bfaf0000 - 0x00007ff9bfb17000 	C:\WINDOWS\SYSTEM32\WINMM.dll
0x00007ff9b7490000 - 0x00007ff9b749a000 	C:\WINDOWS\SYSTEM32\VERSION.dll
0x00007ff9c7a30000 - 0x00007ff9c7a42000 	C:\WINDOWS\SYSTEM32\kernel.appcore.dll
0x00007ff9c3710000 - 0x00007ff9c371a000 	C:\Downloads\eclipse-jee-2021-09-R-win32-x86_64\eclipse\plugins\org.eclipse.justj.openjdk.hotspot.jre.full.win32.x86_64_16.0.2.v20210721-1149\jre\bin\jimage.dll
0x00007ff9bc4d0000 - 0x00007ff9bc6b4000 	C:\WINDOWS\SYSTEM32\DBGHELP.DLL
0x00007ff9bc470000 - 0x00007ff9bc4a5000 	C:\WINDOWS\SYSTEM32\dbgcore.DLL
0x00007ff9c9c80000 - 0x00007ff9c9d02000 	C:\WINDOWS\System32\bcryptPrimitives.dll
0x00007ff9c3690000 - 0x00007ff9c36b5000 	C:\Downloads\eclipse-jee-2021-09-R-win32-x86_64\eclipse\plugins\org.eclipse.justj.openjdk.hotspot.jre.full.win32.x86_64_16.0.2.v20210721-1149\jre\bin\java.dll
0x00007ff9c2a20000 - 0x00007ff9c2a38000 	C:\Downloads\eclipse-jee-2021-09-R-win32-x86_64\eclipse\plugins\org.eclipse.justj.openjdk.hotspot.jre.full.win32.x86_64_16.0.2.v20210721-1149\jre\bin\zip.dll
0x00007ff9cacd0000 - 0x00007ff9cb415000 	C:\WINDOWS\System32\SHELL32.dll
0x00007ff9c7c30000 - 0x00007ff9c83c2000 	C:\WINDOWS\SYSTEM32\windows.storage.dll
0x00007ff9ca4c0000 - 0x00007ff9ca815000 	C:\WINDOWS\System32\combase.dll
0x00007ff9c95d0000 - 0x00007ff9c9600000 	C:\WINDOWS\SYSTEM32\Wldp.dll
0x00007ff9cc380000 - 0x00007ff9cc42d000 	C:\WINDOWS\System32\SHCORE.dll
0x00007ff9cb420000 - 0x00007ff9cb475000 	C:\WINDOWS\System32\shlwapi.dll
0x00007ff9c9ab0000 - 0x00007ff9c9acf000 	C:\WINDOWS\SYSTEM32\profapi.dll
0x00007ff9bf110000 - 0x00007ff9bf129000 	C:\Downloads\eclipse-jee-2021-09-R-win32-x86_64\eclipse\plugins\org.eclipse.justj.openjdk.hotspot.jre.full.win32.x86_64_16.0.2.v20210721-1149\jre\bin\net.dll
0x00007ff9c0160000 - 0x00007ff9c026a000 	C:\WINDOWS\SYSTEM32\WINHTTP.dll
0x00007ff9c9330000 - 0x00007ff9c939a000 	C:\WINDOWS\system32\mswsock.dll
0x00007ff9bde20000 - 0x00007ff9bde33000 	C:\Downloads\eclipse-jee-2021-09-R-win32-x86_64\eclipse\plugins\org.eclipse.justj.openjdk.hotspot.jre.full.win32.x86_64_16.0.2.v20210721-1149\jre\bin\nio.dll
0x00007ff9c2a10000 - 0x00007ff9c2a20000 	C:\Downloads\eclipse-jee-2021-09-R-win32-x86_64\eclipse\plugins\org.eclipse.justj.openjdk.hotspot.jre.full.win32.x86_64_16.0.2.v20210721-1149\jre\bin\verify.dll
0x00007ff9c5670000 - 0x00007ff9c5679000 	C:\Downloads\eclipse-jee-2021-09-R-win32-x86_64\eclipse\plugins\org.eclipse.justj.openjdk.hotspot.jre.full.win32.x86_64_16.0.2.v20210721-1149\jre\bin\management.dll
0x00007ff9c5560000 - 0x00007ff9c556b000 	C:\Downloads\eclipse-jee-2021-09-R-win32-x86_64\eclipse\plugins\org.eclipse.justj.openjdk.hotspot.jre.full.win32.x86_64_16.0.2.v20210721-1149\jre\bin\management_ext.dll
0x00007ff9ab0e0000 - 0x00007ff9ab0f7000 	C:\WINDOWS\system32\napinsp.dll
0x00007ff9ab0c0000 - 0x00007ff9ab0db000 	C:\WINDOWS\system32\pnrpnsp.dll
0x00007ff9b9520000 - 0x00007ff9b9535000 	C:\WINDOWS\system32\wshbth.dll
0x00007ff9c5510000 - 0x00007ff9c552d000 	C:\WINDOWS\system32\NLAapi.dll
0x00007ff9c8fd0000 - 0x00007ff9c900b000 	C:\WINDOWS\SYSTEM32\IPHLPAPI.DLL
0x00007ff9c9010000 - 0x00007ff9c90db000 	C:\WINDOWS\SYSTEM32\DNSAPI.dll
0x00007ff9cb970000 - 0x00007ff9cb978000 	C:\WINDOWS\System32\NSI.dll
0x00007ff9aafb0000 - 0x00007ff9aafc2000 	C:\WINDOWS\System32\winrnr.dll
0x0000000064420000 - 0x0000000064446000 	C:\Program Files\Bonjour\mdnsNSP.dll
0x00007ff9bf0d0000 - 0x00007ff9bf0da000 	C:\Windows\System32\rasadhlp.dll
0x00007ff9bf720000 - 0x00007ff9bf7a0000 	C:\WINDOWS\System32\fwpuclnt.dll
0x00007ff9c9f20000 - 0x00007ff9c9f47000 	C:\WINDOWS\System32\bcrypt.dll
0x00007ff9c9520000 - 0x00007ff9c9538000 	C:\WINDOWS\SYSTEM32\CRYPTSP.dll
0x00007ff9c8be0000 - 0x00007ff9c8c14000 	C:\WINDOWS\system32\rsaenh.dll
0x00007ff9c9a30000 - 0x00007ff9c9a5e000 	C:\WINDOWS\SYSTEM32\USERENV.dll
0x00007ff9c9540000 - 0x00007ff9c954c000 	C:\WINDOWS\SYSTEM32\CRYPTBASE.dll
0x00007ff9c0920000 - 0x00007ff9c0937000 	C:\WINDOWS\SYSTEM32\dhcpcsvc6.DLL
0x00007ff9c0890000 - 0x00007ff9c08ad000 	C:\WINDOWS\SYSTEM32\dhcpcsvc.DLL
0x00007ff9c5540000 - 0x00007ff9c554e000 	C:\Downloads\eclipse-jee-2021-09-R-win32-x86_64\eclipse\plugins\org.eclipse.justj.openjdk.hotspot.jre.full.win32.x86_64_16.0.2.v20210721-1149\jre\bin\sunmscapi.dll
0x00007ff9c9d10000 - 0x00007ff9c9e66000 	C:\WINDOWS\System32\CRYPT32.dll
0x00007ff9c9640000 - 0x00007ff9c9667000 	C:\WINDOWS\SYSTEM32\ncrypt.dll
0x00007ff9c9600000 - 0x00007ff9c963b000 	C:\WINDOWS\SYSTEM32\NTASN1.dll
0x00007ff9c3cb0000 - 0x00007ff9c3cb7000 	C:\WINDOWS\system32\wshunix.dll

dbghelp: loaded successfully - version: 4.0.5 - missing functions: none
symbol engine: initialized successfully - sym options: 0x614 - pdb path: .;C:\Downloads\eclipse-jee-2021-09-R-win32-x86_64\eclipse\plugins\org.eclipse.justj.openjdk.hotspot.jre.full.win32.x86_64_16.0.2.v20210721-1149\jre\bin;C:\WINDOWS\SYSTEM32;C:\WINDOWS\WinSxS\amd64_microsoft.windows.common-controls_6595b64144ccf1df_6.0.19041.1110_none_60b5254171f9507e;C:\Downloads\eclipse-jee-2021-09-R-win32-x86_64\eclipse\plugins\org.eclipse.justj.openjdk.hotspot.jre.full.win32.x86_64_16.0.2.v20210721-1149\jre\bin\server;C:\Program Files\Bonjour

VM Arguments:
jvm_args: -Dfile.encoding=UTF-8 -XX:+ShowCodeDetailsInExceptionMessages 
java_command: br.anderson.infnet.appclinica.AppclinicaApplication
java_class_path (initial): C:\projetos\java\22E4_1-Fundamentos\javaFundamentos_22E4_1\appclinica\target\classes;C:\Users\Anderson\.m2\repository\org\springframework\boot\spring-boot-starter-data-jpa\2.7.6\spring-boot-starter-data-jpa-2.7.6.jar;C:\Users\Anderson\.m2\repository\org\springframework\boot\spring-boot-starter-aop\2.7.6\spring-boot-starter-aop-2.7.6.jar;C:\Users\Anderson\.m2\repository\org\springframework\spring-aop\5.3.24\spring-aop-5.3.24.jar;C:\Users\Anderson\.m2\repository\org\aspectj\aspectjweaver\1.9.7\aspectjweaver-1.9.7.jar;C:\Users\Anderson\.m2\repository\org\springframework\boot\spring-boot-starter-jdbc\2.7.6\spring-boot-starter-jdbc-2.7.6.jar;C:\Users\Anderson\.m2\repository\com\zaxxer\HikariCP\4.0.3\HikariCP-4.0.3.jar;C:\Users\Anderson\.m2\repository\org\springframework\spring-jdbc\5.3.24\spring-jdbc-5.3.24.jar;C:\Users\Anderson\.m2\repository\jakarta\transaction\jakarta.transaction-api\1.3.3\jakarta.transaction-api-1.3.3.jar;C:\Users\Anderson\.m2\repository\jakarta\persistence\jakarta.persistence-api\2.2.3\jakarta.persistence-api-2.2.3.jar;C:\Users\Anderson\.m2\repository\org\springframework\data\spring-data-jpa\2.7.6\spring-data-jpa-2.7.6.jar;C:\Users\Anderson\.m2\repository\org\springframework\data\spring-data-commons\2.7.6\spring-data-commons-2.7.6.jar;C:\Users\Anderson\.m2\repository\org\springframework\spring-orm\5.3.24\spring-orm-5.3.24.jar;C:\Users\Anderson\.m2\repository\org\springframework\spring-context\5.3.24\spring-context-5.3.24.jar;C:\Users\Anderson\.m2\repository\org\springframework\spring-tx\5.3.24\spring-tx-5.3.24.jar;C:\Users\Anderson\.m2\repository\org\springframework\spring-beans\5.3.24\spring-beans-5.3.24.jar;C:\Users\Anderson\.m2\repository\org\slf4j\slf4j-api\1.7.36\slf4j-api-1.7.36.jar;C:\Users\Anderson\.m2\repository\org\springframework\spring-aspects\5.3.24\spring-aspects-5.3.24.jar;C:\Users\Anderson\.m2\repository\org\hibernate\hibernate-core\5.6.14.Final\hibernate-core-5.6.14.Final.jar;C:\Users\Anderson\.m2\reposi
Launcher Type: SUN_STANDARD

[Global flags]
     intx CICompilerCount                          = 2                                         {product} {ergonomic}
     uint ConcGCThreads                            = 1                                         {product} {ergonomic}
     uint G1ConcRefinementThreads                  = 2                                         {product} {ergonomic}
   size_t G1HeapRegionSize                         = 1048576                                   {product} {ergonomic}
    uintx GCDrainStackTargetSize                   = 64                                        {product} {ergonomic}
   size_t InitialHeapSize                          = 130023424                                 {product} {ergonomic}
   size_t MarkStackSize                            = 4194304                                   {product} {ergonomic}
   size_t MaxHeapSize                              = 2061500416                                {product} {ergonomic}
   size_t MaxNewSize                               = 1236271104                                {product} {ergonomic}
   size_t MinHeapDeltaBytes                        = 1048576                                   {product} {ergonomic}
   size_t MinHeapSize                              = 8388608                                   {product} {ergonomic}
    uintx NonNMethodCodeHeapSize                   = 5826188                                {pd product} {ergonomic}
    uintx NonProfiledCodeHeapSize                  = 122916026                              {pd product} {ergonomic}
    uintx ProfiledCodeHeapSize                     = 122916026                              {pd product} {ergonomic}
    uintx ReservedCodeCacheSize                    = 251658240                              {pd product} {ergonomic}
     bool SegmentedCodeCache                       = true                                      {product} {ergonomic}
     bool ShowCodeDetailsInExceptionMessages       = true                                   {manageable} {command line}
   size_t SoftMaxHeapSize                          = 2061500416                             {manageable} {ergonomic}
     bool UseCompressedClassPointers               = true                           {product lp64_product} {ergonomic}
     bool UseCompressedOops                        = true                           {product lp64_product} {ergonomic}
     bool UseG1GC                                  = true                                      {product} {ergonomic}
     bool UseLargePagesIndividualAllocation        = false                                  {pd product} {ergonomic}

Logging:
Log output configuration:
 #0: stdout all=warning uptime,level,tags
 #1: stderr all=off uptime,level,tags

Environment Variables:
JAVA_HOME=C:\Program Files\Java
PATH=C:/Downloads/eclipse-jee-2021-09-R-win32-x86_64/eclipse//plugins/org.eclipse.justj.openjdk.hotspot.jre.full.win32.x86_64_16.0.2.v20210721-1149/jre/bin/server;C:/Downloads/eclipse-jee-2021-09-R-win32-x86_64/eclipse//plugins/org.eclipse.justj.openjdk.hotspot.jre.full.win32.x86_64_16.0.2.v20210721-1149/jre/bin;C:\Python310\Scripts\;C:\Python310\;C:\WINDOWS\system32;C:\WINDOWS;C:\WINDOWS\System32\Wbem;C:\WINDOWS\System32\WindowsPowerShell\v1.0\;C:\WINDOWS\System32\OpenSSH\;C:\Program Files\Git\cmd;C:\ProgramData\UNIVALI\Portugol Studio;C:\ProgramData\chocolatey\bin;C:\Program Files\nodejs\;C:\Program Files\MySQL\MySQL Shell 8.0\bin\;C:\Program Files\Java\bin;C:\Users\Anderson\AppData\Local\Microsoft\WindowsApps;C:\Users\Anderson\AppData\Local\Programs\Microsoft VS Code\bin;C:\Users\Anderson\AppData\Roaming\npm;;C:\Downloads\eclipse-jee-2021-09-R-win32-x86_64\eclipse;
USERNAME=Anderson
OS=Windows_NT
PROCESSOR_IDENTIFIER=Intel64 Family 6 Model 37 Stepping 5, GenuineIntel



---------------  S Y S T E M  ---------------

OS:
 Windows 10 , 64 bit Build 19041 (10.0.19041.2546)
OS uptime: 0 days 0:53 hours

CPU: total 2 (initial active 2) (2 cores per cpu, 1 threads per core) family 6 model 37 stepping 5 microcode 0x7, cx8, cmov, fxsr, mmx, sse, sse2, sse3, ssse3, popcnt, tsc, tscinvbit, clflush

Memory: 4k page, system-wide physical 7862M (2426M free)
TotalPageFile size 15798M (AvailPageFile size 8629M)
current process WorkingSet (physical memory assigned to process): 246M, peak: 260M
current process commit charge ("private bytes"): 263M, peak: 278M

vm_info: OpenJDK 64-Bit Server VM (16.0.2+7-67) for windows-amd64 JRE (16.0.2+7-67), built on Jun  8 2021 23:21:43 by "mach5one" with MS VC++ 16.7 (VS2019)

END.
